<?xml version="1.0" encoding="UTF-8"?>
<!-- Generated by org.testng.reporters.JUnitReportReporter -->
<testsuite hostname="192.168.1.2" failures="0" tests="1" name="OR_TC.TS_005" time="20.006" errors="0" timestamp="2024-11-03T15:30:00 IST" skipped="0">
  <testcase classname="OR_TC.TS_005" name="tS_SI_001" time="20.006"/>
  <system-out/>
</testsuite> <!-- OR_TC.TS_005 -->
